  Object.cpp
C:\Users\sakak\source\repos\FinalExam5\packages\glfw.3.4.0\build\native\include\GLFW\glfw3.h(3235,1): warning C4819: 현재 코드 페이지(949)에서 표시할 수 없는 문자가 파일에 들어 있습니다. 데이터가 손실되지 않게 하려면 해당 파일을 유니코드 형식으로 저장하십시오.
  (소스 파일 '../../../../Downloads/FinalExam/FinalExam/Object.cpp'을(를) 컴파일하는 중)
  
C:\Users\sakak\Downloads\FinalExam\FinalExam\Object.h(36,28): warning C4244: '초기화 중': 'double'에서 'float'(으)로 변환하면서 데이터가 손실될 수 있습니다.
  (소스 파일 '../../../../Downloads/FinalExam/FinalExam/Object.cpp'을(를) 컴파일하는 중)
  
C:\Users\sakak\Downloads\FinalExam\FinalExam\Object.h(83,40): warning C4244: '=': 'double'에서 'float'(으)로 변환하면서 데이터가 손실될 수 있습니다.
  (소스 파일 '../../../../Downloads/FinalExam/FinalExam/Object.cpp'을(를) 컴파일하는 중)
  
  Transform.cpp
C:\Users\sakak\Downloads\FinalExam\FinalExam\Transform.cpp(13,25): warning C4244: '초기화 중': 'double'에서 'float'(으)로 변환하면서 데이터가 손실될 수 있습니다.
  main.cpp
C:\Users\sakak\source\repos\FinalExam5\packages\glfw.3.4.0\build\native\include\GLFW\glfw3.h(3235,1): warning C4819: 현재 코드 페이지(949)에서 표시할 수 없는 문자가 파일에 들어 있습니다. 데이터가 손실되지 않게 하려면 해당 파일을 유니코드 형식으로 저장하십시오.
  (소스 파일 '../../../../Downloads/FinalExam/FinalExam/main.cpp'을(를) 컴파일하는 중)
  
C:\Users\sakak\Downloads\FinalExam\FinalExam\Object.h(36,28): warning C4244: '초기화 중': 'double'에서 'float'(으)로 변환하면서 데이터가 손실될 수 있습니다.
  (소스 파일 '../../../../Downloads/FinalExam/FinalExam/main.cpp'을(를) 컴파일하는 중)
  
C:\Users\sakak\Downloads\FinalExam\FinalExam\Object.h(83,40): warning C4244: '=': 'double'에서 'float'(으)로 변환하면서 데이터가 손실될 수 있습니다.
  (소스 파일 '../../../../Downloads/FinalExam/FinalExam/main.cpp'을(를) 컴파일하는 중)
  
C:\Users\sakak\Downloads\FinalExam\FinalExam\main.cpp(7,16): warning C4244: '초기화 중': 'double'에서 'float'(으)로 변환하면서 데이터가 손실될 수 있습니다.
C:\Users\sakak\Downloads\FinalExam\FinalExam\main.cpp(15,24): warning C4244: '초기화 중': 'double'에서 'float'(으)로 변환하면서 데이터가 손실될 수 있습니다.
C:\Users\sakak\Downloads\FinalExam\FinalExam\main.cpp(92,19): warning C4244: '초기화 중': 'double'에서 'float'(으)로 변환하면서 데이터가 손실될 수 있습니다.
  pch.cpp
C:\Users\sakak\source\repos\FinalExam5\packages\glfw.3.4.0\build\native\include\GLFW\glfw3.h(3235,1): warning C4819: 현재 코드 페이지(949)에서 표시할 수 없는 문자가 파일에 들어 있습니다. 데이터가 손실되지 않게 하려면 해당 파일을 유니코드 형식으로 저장하십시오.
  (소스 파일 '../../../../Downloads/FinalExam/FinalExam/pch.cpp'을(를) 컴파일하는 중)
  
C:\Users\sakak\Downloads\FinalExam\FinalExam\Object.h(36,28): warning C4244: '초기화 중': 'double'에서 'float'(으)로 변환하면서 데이터가 손실될 수 있습니다.
  (소스 파일 '../../../../Downloads/FinalExam/FinalExam/pch.cpp'을(를) 컴파일하는 중)
  
C:\Users\sakak\Downloads\FinalExam\FinalExam\Object.h(83,40): warning C4244: '=': 'double'에서 'float'(으)로 변환하면서 데이터가 손실될 수 있습니다.
  (소스 파일 '../../../../Downloads/FinalExam/FinalExam/pch.cpp'을(를) 컴파일하는 중)
  
  코드를 생성하고 있습니다...
  FinalExam5.vcxproj -> C:\Users\sakak\source\repos\FinalExam5\x64\Debug\FinalExam5.exe
